13/Apr/2022:11:27:47 206 [Calculator.java] [INFO] Calculator.Calculator [ADDITION] - 3.0, 4.0
13/Apr/2022:11:27:47 217 [Calculator.java] [INFO] Calculator.Calculator [RESULT - ADDITION] - 7.0
13/Apr/2022:11:31:23 576 [Calculator.java] [INFO] Calculator.Calculator [ADDITION] - 2.0, 2.0
13/Apr/2022:11:31:23 586 [Calculator.java] [INFO] Calculator.Calculator [RESULT - ADDITION] - 4.0
13/Apr/2022:11:31:23 587 [Calculator.java] [INFO] Calculator.Calculator [ADDITION] - 2.1, 3.2
13/Apr/2022:11:31:23 587 [Calculator.java] [INFO] Calculator.Calculator [RESULT - ADDITION] - 5.300000000000001
13/Apr/2022:11:31:23 590 [Calculator.java] [INFO] Calculator.Calculator [DIVISION] - 2.0, 2.0
13/Apr/2022:11:31:23 591 [Calculator.java] [INFO] Calculator.Calculator [RESULT - DIVISION] - 1.0
13/Apr/2022:11:31:23 591 [Calculator.java] [INFO] Calculator.Calculator [DIVISION] - 0.0, 0.0
13/Apr/2022:11:31:23 592 [Calculator.java] [ERROR] Calculator.Calculator [EXCEPTION - DIVISION] - Cannot be divided by ZERO Case of NaN 0.0/0.0
13/Apr/2022:11:31:23 592 [Calculator.java] [INFO] Calculator.Calculator [RESULT - DIVISION] - NaN
13/Apr/2022:11:31:23 593 [Calculator.java] [INFO] Calculator.Calculator [DIVISION] - 1.0, 0.0
13/Apr/2022:11:31:23 593 [Calculator.java] [ERROR] Calculator.Calculator [EXCEPTION - DIVISION] - Cannot be divided by ZERO Case of Positive Infinity 1.0/0.0
13/Apr/2022:11:31:23 594 [Calculator.java] [INFO] Calculator.Calculator [RESULT - DIVISION] - Infinity
13/Apr/2022:11:31:23 594 [Calculator.java] [INFO] Calculator.Calculator [DIVISION] - -1.0, 0.0
13/Apr/2022:11:31:23 595 [Calculator.java] [ERROR] Calculator.Calculator [EXCEPTION - DIVISION] - Cannot be divided by ZERO Case of Negative Infinity -1.0/0.0
13/Apr/2022:11:31:23 595 [Calculator.java] [INFO] Calculator.Calculator [RESULT - DIVISION] - -Infinity
13/Apr/2022:11:31:23 596 [Calculator.java] [INFO] Calculator.Calculator [MULTIPLICATION] - 2.0, 2.0
13/Apr/2022:11:31:23 597 [Calculator.java] [INFO] Calculator.Calculator [RESULT - MULTIPLICATION] - 4.0
13/Apr/2022:11:31:23 597 [Calculator.java] [INFO] Calculator.Calculator [MULTIPLICATION] - 2.1, 3.2
13/Apr/2022:11:31:23 597 [Calculator.java] [INFO] Calculator.Calculator [RESULT - MULTIPLICATION] - 6.720000000000001
13/Apr/2022:11:31:23 598 [Calculator.java] [INFO] Calculator.Calculator [SUBTRACTION] - 2.0, 2.0
13/Apr/2022:11:31:23 599 [Calculator.java] [INFO] Calculator.Calculator [RESULT - SUBTRACTION] - 0.0
13/Apr/2022:11:31:23 599 [Calculator.java] [INFO] Calculator.Calculator [SUBTRACTION] - 2.1, 3.2
13/Apr/2022:11:31:23 600 [Calculator.java] [INFO] Calculator.Calculator [RESULT - SUBTRACTION] - -1.1
13/Apr/2022:11:31:23 600 [Calculator.java] [INFO] Calculator.Calculator [ADDITION] - 2.0, 2.0
13/Apr/2022:11:31:23 601 [Calculator.java] [INFO] Calculator.Calculator [RESULT - ADDITION] - 4.0
13/Apr/2022:11:31:23 601 [Calculator.java] [INFO] Calculator.Calculator [ADDITION] - 2.1, 3.2
13/Apr/2022:11:31:23 601 [Calculator.java] [INFO] Calculator.Calculator [RESULT - ADDITION] - 5.300000000000001
13/Apr/2022:11:31:23 602 [Calculator.java] [INFO] Calculator.Calculator [DIVISION] - 2.3, 1.3
13/Apr/2022:11:31:23 603 [Calculator.java] [INFO] Calculator.Calculator [RESULT - DIVISION] - 1.769230769230769
13/Apr/2022:11:31:23 603 [Calculator.java] [INFO] Calculator.Calculator [DIVISION] - 0.0, 0.0
13/Apr/2022:11:31:23 603 [Calculator.java] [ERROR] Calculator.Calculator [EXCEPTION - DIVISION] - Cannot be divided by ZERO Case of NaN 0.0/0.0
13/Apr/2022:11:31:23 604 [Calculator.java] [INFO] Calculator.Calculator [RESULT - DIVISION] - NaN
13/Apr/2022:11:31:23 604 [Calculator.java] [INFO] Calculator.Calculator [DIVISION] - 1.0, 0.0
13/Apr/2022:11:31:23 605 [Calculator.java] [ERROR] Calculator.Calculator [EXCEPTION - DIVISION] - Cannot be divided by ZERO Case of Positive Infinity 1.0/0.0
13/Apr/2022:11:31:23 605 [Calculator.java] [INFO] Calculator.Calculator [RESULT - DIVISION] - Infinity
13/Apr/2022:11:31:23 606 [Calculator.java] [INFO] Calculator.Calculator [DIVISION] - -1.0, 0.0
13/Apr/2022:11:31:23 606 [Calculator.java] [ERROR] Calculator.Calculator [EXCEPTION - DIVISION] - Cannot be divided by ZERO Case of Negative Infinity -1.0/0.0
13/Apr/2022:11:31:23 607 [Calculator.java] [INFO] Calculator.Calculator [RESULT - DIVISION] - -Infinity
13/Apr/2022:11:31:23 608 [Calculator.java] [INFO] Calculator.Calculator [SUBTRACTION] - 2.0, 2.0
13/Apr/2022:11:31:23 608 [Calculator.java] [INFO] Calculator.Calculator [RESULT - SUBTRACTION] - 0.0
13/Apr/2022:11:31:23 608 [Calculator.java] [INFO] Calculator.Calculator [SUBTRACTION] - 2.1, 3.2
13/Apr/2022:11:31:23 609 [Calculator.java] [INFO] Calculator.Calculator [RESULT - SUBTRACTION] - -1.1
13/Apr/2022:11:31:23 610 [Calculator.java] [INFO] Calculator.Calculator [MULTIPLICATION] - 2.0, 2.0
13/Apr/2022:11:31:23 610 [Calculator.java] [INFO] Calculator.Calculator [RESULT - MULTIPLICATION] - 4.0
13/Apr/2022:11:31:23 610 [Calculator.java] [INFO] Calculator.Calculator [MULTIPLICATION] - 2.1, 3.2
13/Apr/2022:11:31:23 610 [Calculator.java] [INFO] Calculator.Calculator [RESULT - MULTIPLICATION] - 6.720000000000001
13/Apr/2022:12:19:34 632 [Calculator.java] [INFO] Calculator.Calculator [ADDITION] - 2.0, 2.0
13/Apr/2022:12:19:34 636 [Calculator.java] [INFO] Calculator.Calculator [RESULT - ADDITION] - 4.0
13/Apr/2022:12:19:34 637 [Calculator.java] [INFO] Calculator.Calculator [ADDITION] - 2.1, 3.2
13/Apr/2022:12:19:34 637 [Calculator.java] [INFO] Calculator.Calculator [RESULT - ADDITION] - 5.300000000000001
13/Apr/2022:12:19:34 638 [Calculator.java] [INFO] Calculator.Calculator [DIVISION] - 2.0, 2.0
13/Apr/2022:12:19:34 639 [Calculator.java] [INFO] Calculator.Calculator [RESULT - DIVISION] - 1.0
13/Apr/2022:12:19:34 639 [Calculator.java] [INFO] Calculator.Calculator [DIVISION] - 0.0, 0.0
13/Apr/2022:12:19:34 639 [Calculator.java] [ERROR] Calculator.Calculator [EXCEPTION - DIVISION] - Cannot be divided by ZERO Case of NaN 0.0/0.0
13/Apr/2022:12:19:34 640 [Calculator.java] [INFO] Calculator.Calculator [RESULT - DIVISION] - NaN
13/Apr/2022:12:19:34 640 [Calculator.java] [INFO] Calculator.Calculator [DIVISION] - 1.0, 0.0
13/Apr/2022:12:19:34 640 [Calculator.java] [ERROR] Calculator.Calculator [EXCEPTION - DIVISION] - Cannot be divided by ZERO Case of Positive Infinity 1.0/0.0
13/Apr/2022:12:19:34 641 [Calculator.java] [INFO] Calculator.Calculator [RESULT - DIVISION] - Infinity
13/Apr/2022:12:19:34 641 [Calculator.java] [INFO] Calculator.Calculator [DIVISION] - -1.0, 0.0
13/Apr/2022:12:19:34 641 [Calculator.java] [ERROR] Calculator.Calculator [EXCEPTION - DIVISION] - Cannot be divided by ZERO Case of Negative Infinity -1.0/0.0
13/Apr/2022:12:19:34 641 [Calculator.java] [INFO] Calculator.Calculator [RESULT - DIVISION] - -Infinity
13/Apr/2022:12:19:34 642 [Calculator.java] [INFO] Calculator.Calculator [MULTIPLICATION] - 2.0, 2.0
13/Apr/2022:12:19:34 643 [Calculator.java] [INFO] Calculator.Calculator [RESULT - MULTIPLICATION] - 4.0
13/Apr/2022:12:19:34 643 [Calculator.java] [INFO] Calculator.Calculator [MULTIPLICATION] - 2.1, 3.2
13/Apr/2022:12:19:34 643 [Calculator.java] [INFO] Calculator.Calculator [RESULT - MULTIPLICATION] - 6.720000000000001
13/Apr/2022:12:19:34 644 [Calculator.java] [INFO] Calculator.Calculator [SUBTRACTION] - 2.0, 2.0
13/Apr/2022:12:19:34 645 [Calculator.java] [INFO] Calculator.Calculator [RESULT - SUBTRACTION] - 0.0
13/Apr/2022:12:19:34 645 [Calculator.java] [INFO] Calculator.Calculator [SUBTRACTION] - 2.1, 3.2
13/Apr/2022:12:19:34 645 [Calculator.java] [INFO] Calculator.Calculator [RESULT - SUBTRACTION] - -1.1
13/Apr/2022:12:19:34 646 [Calculator.java] [INFO] Calculator.Calculator [ADDITION] - 2.0, 2.0
13/Apr/2022:12:19:34 646 [Calculator.java] [INFO] Calculator.Calculator [RESULT - ADDITION] - 4.0
13/Apr/2022:12:19:34 647 [Calculator.java] [INFO] Calculator.Calculator [ADDITION] - 2.1, 3.2
13/Apr/2022:12:19:34 647 [Calculator.java] [INFO] Calculator.Calculator [RESULT - ADDITION] - 5.300000000000001
13/Apr/2022:12:19:34 647 [Calculator.java] [INFO] Calculator.Calculator [DIVISION] - 2.3, 1.3
13/Apr/2022:12:19:34 648 [Calculator.java] [INFO] Calculator.Calculator [RESULT - DIVISION] - 1.769230769230769
13/Apr/2022:12:19:34 648 [Calculator.java] [INFO] Calculator.Calculator [DIVISION] - 0.0, 0.0
13/Apr/2022:12:19:34 648 [Calculator.java] [ERROR] Calculator.Calculator [EXCEPTION - DIVISION] - Cannot be divided by ZERO Case of NaN 0.0/0.0
13/Apr/2022:12:19:34 649 [Calculator.java] [INFO] Calculator.Calculator [RESULT - DIVISION] - NaN
13/Apr/2022:12:19:34 649 [Calculator.java] [INFO] Calculator.Calculator [DIVISION] - 1.0, 0.0
13/Apr/2022:12:19:34 649 [Calculator.java] [ERROR] Calculator.Calculator [EXCEPTION - DIVISION] - Cannot be divided by ZERO Case of Positive Infinity 1.0/0.0
13/Apr/2022:12:19:34 649 [Calculator.java] [INFO] Calculator.Calculator [RESULT - DIVISION] - Infinity
13/Apr/2022:12:19:34 650 [Calculator.java] [INFO] Calculator.Calculator [DIVISION] - -1.0, 0.0
13/Apr/2022:12:19:34 650 [Calculator.java] [ERROR] Calculator.Calculator [EXCEPTION - DIVISION] - Cannot be divided by ZERO Case of Negative Infinity -1.0/0.0
13/Apr/2022:12:19:34 650 [Calculator.java] [INFO] Calculator.Calculator [RESULT - DIVISION] - -Infinity
13/Apr/2022:12:19:34 651 [Calculator.java] [INFO] Calculator.Calculator [SUBTRACTION] - 2.0, 2.0
13/Apr/2022:12:19:34 651 [Calculator.java] [INFO] Calculator.Calculator [RESULT - SUBTRACTION] - 0.0
13/Apr/2022:12:19:34 651 [Calculator.java] [INFO] Calculator.Calculator [SUBTRACTION] - 2.1, 3.2
13/Apr/2022:12:19:34 652 [Calculator.java] [INFO] Calculator.Calculator [RESULT - SUBTRACTION] - -1.1
13/Apr/2022:12:19:34 652 [Calculator.java] [INFO] Calculator.Calculator [MULTIPLICATION] - 2.0, 2.0
13/Apr/2022:12:19:34 653 [Calculator.java] [INFO] Calculator.Calculator [RESULT - MULTIPLICATION] - 4.0
13/Apr/2022:12:19:34 653 [Calculator.java] [INFO] Calculator.Calculator [MULTIPLICATION] - 2.1, 3.2
13/Apr/2022:12:19:34 653 [Calculator.java] [INFO] Calculator.Calculator [RESULT - MULTIPLICATION] - 6.720000000000001
